<?xml version="1.0" encoding="UTF-8"?>
<!-- Generated by org.testng.reporters.JUnitXMLReporter -->
<testsuite hostname="DESKTOP-CD4PKTO" ignored="0" name="TestFreeCRMApplicationFirefox" tests="10" failures="0" timestamp="2021-02-22T20:28:10 CST" time="41.812" errors="0">
  <testcase name="openApplication" time="2.534" classname="testPackage.TestClass"/>
  <testcase name="verifyHomePageOfApplication" time="0.326" classname="testPackage.TestClass"/>
  <testcase name="clickOnSignInLink" time="2.016" classname="testPackage.TestClass"/>
  <testcase name="verifySignInTabOpenedOnHomePage" time="0.172" classname="testPackage.TestClass"/>
  <testcase name="enterTextInEmailAndPasswordTextBoxHomePage" time="1.788" classname="testPackage.TestClass"/>
  <testcase name="verifyMyAccountPageIsOpened" time="0.126" classname="testPackage.TestClass"/>
  <testcase name="moveAndClickOnWomenTabOnMyAccountPage" time="1.645" classname="testPackage.TestClass"/>
  <testcase name="selectCategoriesCheckBoxOfCatalogOnWomenTabOnMyAccount" time="0.27" classname="testPackage.TestClass"/>
  <testcase name="enterTextInSearchBoxMyAcconutPage" time="0.322" classname="testPackage.TestClass"/>
  <testcase name="selectSortDropDownMyAccountPage" time="0.386" classname="testPackage.TestClass"/>
</testsuite> <!-- TestFreeCRMApplicationFirefox -->
